root:x:0:0:root:/root:/bin/bash
daemon:x:1:1:daemon:/usr/sbin:/usr/sbin/nologin
bin:x:2:2:bin:/bin:/usr/sbin/nologin
sys:x:3:3:sys:/dev:/usr/sbin/nologin
sync:x:4:65534:sync:/bin:/bin/sync
games:x:5:60:games:/usr/games:/usr/sbin/nologin
man:x:6:12:man:/var/cache/man:/usr/sbin/nologin
lp:x:7:7:lp:/var/spool/lpd:/usr/sbin/nologin
mail:x:8:8:mail:/var/mail:/usr/sbin/nologin
news:x:9:9:news:/var/spool/news:/usr/sbin/nologin
uucp:x:10:10:uucp:/var/spool/uucp:/usr/sbin/nologin
proxy:x:13:13:proxy:/bin:/usr/sbin/nologin
www-data:x:33:33:www-data:/var/www:/usr/sbin/nologin
backup:x:34:34:backup:/var/backups:/usr/sbin/nologin
list:x:38:38:Mailing List Manager:/var/list:/usr/sbin/nologin
irc:x:39:39:ircd:/run/ircd:/usr/sbin/nologin
gnats:x:41:41:Gnats Bug-Reporting System (admin):/var/lib/gnats:/usr/sbin/nologin
nobody:x:65534:65534:nobody:/nonexistent:/usr/sbin/nologin
systemd-network:x:100:102:systemd Network Management,,,:/run/systemd:/usr/sbin/nologin
systemd-resolve:x:101:103:systemd Resolver,,,:/run/systemd:/usr/sbin/nologin
systemd-timesync:x:102:104:systemd Time Synchronization,,,:/run/systemd:/usr/sbin/nologin
messagebus:x:103:106::/nonexistent:/usr/sbin/nologin
syslog:x:104:110::/home/syslog:/usr/sbin/nologin
_apt:x:105:65534::/nonexistent:/usr/sbin/nologin
tss:x:106:111:TPM software stack,,,:/var/lib/tpm:/bin/false
uuidd:x:107:114::/run/uuidd:/usr/sbin/nologin
tcpdump:x:108:115::/nonexistent:/usr/sbin/nologin
avahi-autoipd:x:109:116:Avahi autoip daemon,,,:/var/lib/avahi-autoipd:/usr/sbin/nologin
usbmux:x:110:46:usbmux daemon,,,:/var/lib/usbmux:/usr/sbin/nologin
rtkit:x:111:117:RealtimeKit,,,:/proc:/usr/sbin/nologin
dnsmasq:x:112:65534:dnsmasq,,,:/var/lib/misc:/usr/sbin/nologin
cups-pk-helper:x:113:120:user for cups-pk-helper service,,,:/home/cups-pk-helper:/usr/sbin/nologin
speech-dispatcher:x:114:29:Speech Dispatcher,,,:/run/speech-dispatcher:/bin/false
avahi:x:115:121:Avahi mDNS daemon,,,:/var/run/avahi-daemon:/usr/sbin/nologin
kernoops:x:116:65534:Kernel Oops Tracking Daemon,,,:/:/usr/sbin/nologin
saned:x:117:123::/var/lib/saned:/usr/sbin/nologin
nm-openvpn:x:118:124:NetworkManager OpenVPN,,,:/var/lib/openvpn/chroot:/usr/sbin/nologin
hplip:x:119:7:HPLIP system user,,,:/run/hplip:/bin/false
whoopsie:x:120:125::/nonexistent:/bin/false
colord:x:121:126:colord colour management daemon,,,:/var/lib/colord:/usr/sbin/nologin
geoclue:x:122:127::/var/lib/geoclue:/usr/sbin/nologin
pulse:x:123:128:PulseAudio daemon,,,:/var/run/pulse:/usr/sbin/nologin
gnome-initial-setup:x:124:65534::/run/gnome-initial-setup/:/bin/false
gdm:x:125:130:Gnome Display Manager:/var/lib/gdm3:/bin/false
dev:x:1000:1000:Ventsislav,,,:/home/dev:/bin/bash
systemd-coredump:x:999:999:systemd Core Dumper:/:/usr/sbin/nologin
elasticsearch:x:126:134::/home/elasticsearch:/bin/false
mysql:x:129:137:MySQL Server,,,:/nonexistent:/bin/false
sshd:x:130:65534::/run/sshd:/usr/sbin/nologin
sssd:x:131:138:SSSD system user,,,:/var/lib/sss:/usr/sbin/nologin
nm-openconnect:x:133:140:NetworkManager OpenConnect plugin,,,:/var/lib/NetworkManager:/usr/sbin/nologin
ossec:x:134:141::/var/ossec:/sbin/nologin
shiny:x:998:998::/home/shiny:/bin/sh

root:x:0:
daemon:x:1:
bin:x:2:
sys:x:3:
adm:x:4:syslog,dev
tty:x:5:syslog
disk:x:6:
lp:x:7:
mail:x:8:
news:x:9:
uucp:x:10:
man:x:12:
proxy:x:13:
kmem:x:15:
dialout:x:20:
fax:x:21:
voice:x:22:
cdrom:x:24:dev
floppy:x:25:
tape:x:26:
sudo:x:27:dev
audio:x:29:pulse
dip:x:30:dev
www-data:x:33:
backup:x:34:
operator:x:37:
list:x:38:
irc:x:39:
src:x:40:
gnats:x:41:
shadow:x:42:
utmp:x:43:
video:x:44:
sasl:x:45:
plugdev:x:46:dev
staff:x:50:
games:x:60:
users:x:100:
nogroup:x:65534:
systemd-journal:x:101:
systemd-network:x:102:
systemd-resolve:x:103:
systemd-timesync:x:104:
crontab:x:105:
messagebus:x:106:
input:x:107:
kvm:x:108:
render:x:109:
syslog:x:110:
tss:x:111:
bluetooth:x:112:
ssl-cert:x:113:
uuidd:x:114:
tcpdump:x:115:
avahi-autoipd:x:116:
rtkit:x:117:
ssh:x:118:
netdev:x:119:
lpadmin:x:120:dev
avahi:x:121:
scanner:x:122:saned
saned:x:123:
nm-openvpn:x:124:
whoopsie:x:125:
colord:x:126:
geoclue:x:127:
pulse:x:128:
pulse-access:x:129:
gdm:x:130:
lxd:x:131:dev
dev:x:1000:
sambashare:x:132:dev
systemd-coredump:x:999:
docker:x:133:
elasticsearch:x:134:
mysql:x:137:
sssd:x:138:
nm-openconnect:x:140:
ossec:x:141:
shiny:x:998:

root:$6$wmcVFk6zyU0H6gqO$to305ROK1rTIRRqMpvZJkLCmqmCnVAqvqssyY.I5L63chv9D5UBzcoVRG7v8YLCm7QnCExyJHjEwsyBz43IAd1:18760:0:99999:7:::
daemon:*:18760:0:99999:7:::
bin:*:18760:0:99999:7:::
sys:*:18760:0:99999:7:::
sync:*:18760:0:99999:7:::
games:*:18760:0:99999:7:::
man:*:18760:0:99999:7:::
lp:*:18760:0:99999:7:::
mail:*:18760:0:99999:7:::
news:*:18760:0:99999:7:::
uucp:*:18760:0:99999:7:::
proxy:*:18760:0:99999:7:::
www-data:*:18760:0:99999:7:::
backup:*:18760:0:99999:7:::
list:*:18760:0:99999:7:::
irc:*:18760:0:99999:7:::
gnats:*:18760:0:99999:7:::
nobody:*:18760:0:99999:7:::
systemd-network:*:18760:0:99999:7:::
systemd-resolve:*:18760:0:99999:7:::
systemd-timesync:*:18760:0:99999:7:::
messagebus:*:18760:0:99999:7:::
syslog:*:18375:0:99999:7:::
_apt:*:18375:0:99999:7:::
tss:*:18375:0:99999:7:::
uuidd:*:18375:0:99999:7:::
tcpdump:*:18375:0:99999:7:::
avahi-autoipd:*:18375:0:99999:7:::
usbmux:*:18375:0:99999:7:::
rtkit:*:18375:0:99999:7:::
dnsmasq:*:18375:0:99999:7:::
cups-pk-helper:*:18375:0:99999:7:::
speech-dispatcher:!:18375:0:99999:7:::
avahi:*:18375:0:99999:7:::
kernoops:*:18375:0:99999:7:::
saned:*:18375:0:99999:7:::
nm-openvpn:*:18375:0:99999:7:::
hplip:*:18375:0:99999:7:::
whoopsie:*:18375:0:99999:7:::
colord:*:18375:0:99999:7:::
geoclue:*:18375:0:99999:7:::
pulse:*:18375:0:99999:7:::
gnome-initial-setup:*:18375:0:99999:7:::
gdm:*:18375:0:99999:7:::
dev:$6$4e5tgJg98Wt1j3uf$dkNeUecK9PF4LnuH0N5pcpFQKTprrhxQBG5ZIH9m.YN8yzq0drwG3Ku5q.dtRUQd22hlVtWifYrkZrD7Q70st.:18462:0:99999:7:::
systemd-coredump:!!:18760::::::
elasticsearch:*:18462:0:99999:7:::
mysql:!:18473:0:99999:7:::
sshd:*:18514:0:99999:7:::
sssd:*:18562:0:99999:7:::
nm-openconnect:*:18565:0:99999:7:::
ossec:*:18592:0:99999:7:::
shiny:!:18756::::::
